# JRE version: OpenJDK Runtime Environment (8.0_275-b01) (build 1.8.0_275-8u275-b01-0ubuntu1~20.10-b01)
# Java VM: OpenJDK 64-Bit Server VM (25.275-b01 mixed mode linux-amd64 compressed oops)
Heap:
 PSYoungGen      total 39424K, used 18538K [0x000000076d780000, 0x0000000771200000, 0x00000007c0000000)
  eden space 38400K, 48% used [0x000000076d780000,0x000000076e982b48,0x000000076fd00000)
  from space 1024K, 9% used [0x0000000771000000,0x0000000771018000,0x0000000771100000)
  to   space 1024K, 0% used [0x0000000771100000,0x0000000771100000,0x0000000771200000)
 ParOldGen       total 169472K, used 540K [0x00000006c8600000, 0x00000006d2b80000, 0x000000076d780000)
  object space 169472K, 0% used [0x00000006c8600000,0x00000006c8687060,0x00000006d2b80000)
 Metaspace       used 4099K, capacity 4832K, committed 5120K, reserved 1056768K
  class space    used 432K, capacity 464K, committed 512K, reserved 1048576K
GC Heap History (10 events):
Event: 20,454 GC heap before
{Heap before GC invocations=33 (full 0):
 PSYoungGen      total 41472K, used 41056K [0x000000076d780000, 0x0000000771300000, 0x00000007c0000000)
  eden space 40960K, 100% used [0x000000076d780000,0x000000076ff80000,0x000000076ff80000)
  from space 512K, 18% used [0x0000000771280000,0x0000000771298000,0x0000000771300000)
  to   space 1024K, 0% used [0x0000000771100000,0x0000000771100000,0x0000000771200000)
 ParOldGen       total 169472K, used 540K [0x00000006c8600000, 0x00000006d2b80000, 0x000000076d780000)
  object space 169472K, 0% used [0x00000006c8600000,0x00000006c8687060,0x00000006d2b80000)
 Metaspace       used 4099K, capacity 4832K, committed 5120K, reserved 1056768K
  class space    used 432K, capacity 464K, committed 512K, reserved 1048576K
Event: 20,456 GC heap after
Heap after GC invocations=33 (full 0):
 PSYoungGen      total 41472K, used 96K [0x000000076d780000, 0x0000000771300000, 0x00000007c0000000)
  eden space 40448K, 0% used [0x000000076d780000,0x000000076d780000,0x000000076ff00000)
  from space 1024K, 9% used [0x0000000771100000,0x0000000771118000,0x0000000771200000)
  to   space 1024K, 0% used [0x0000000771200000,0x0000000771200000,0x0000000771300000)
 ParOldGen       total 169472K, used 540K [0x00000006c8600000, 0x00000006d2b80000, 0x000000076d780000)
  object space 169472K, 0% used [0x00000006c8600000,0x00000006c8687060,0x00000006d2b80000)
 Metaspace       used 4099K, capacity 4832K, committed 5120K, reserved 1056768K
  class space    used 432K, capacity 464K, committed 512K, reserved 1048576K
}
Event: 21,403 GC heap before
{Heap before GC invocations=34 (full 0):
 PSYoungGen      total 41472K, used 40544K [0x000000076d780000, 0x0000000771300000, 0x00000007c0000000)
  eden space 40448K, 100% used [0x000000076d780000,0x000000076ff00000,0x000000076ff00000)
  from space 1024K, 9% used [0x0000000771100000,0x0000000771118000,0x0000000771200000)
  to   space 1024K, 0% used [0x0000000771200000,0x0000000771200000,0x0000000771300000)
 ParOldGen       total 169472K, used 540K [0x00000006c8600000, 0x00000006d2b80000, 0x000000076d780000)
  object space 169472K, 0% used [0x00000006c8600000,0x00000006c8687060,0x00000006d2b80000)
 Metaspace       used 4099K, capacity 4832K, committed 5120K, reserved 1056768K
  class space    used 432K, capacity 464K, committed 512K, reserved 1048576K
Event: 21,404 GC heap after
Heap after GC invocations=34 (full 0):
 PSYoungGen      total 40448K, used 64K [0x000000076d780000, 0x0000000771280000, 0x00000007c0000000)
  eden space 39936K, 0% used [0x000000076d780000,0x000000076d780000,0x000000076fe80000)
  from space 512K, 12% used [0x0000000771200000,0x0000000771210000,0x0000000771280000)
  to   space 1024K, 0% used [0x0000000771080000,0x0000000771080000,0x0000000771180000)
 ParOldGen       total 169472K, used 540K [0x00000006c8600000, 0x00000006d2b80000, 0x000000076d780000)
  object space 169472K, 0% used [0x00000006c8600000,0x00000006c8687060,0x00000006d2b80000)
 Metaspace       used 4099K, capacity 4832K, committed 5120K, reserved 1056768K
  class space    used 432K, capacity 464K, committed 512K, reserved 1048576K
}
Event: 21,857 GC heap before
{Heap before GC invocations=35 (full 0):
 PSYoungGen      total 40448K, used 40000K [0x000000076d780000, 0x0000000771280000, 0x00000007c0000000)
  eden space 39936K, 100% used [0x000000076d780000,0x000000076fe80000,0x000000076fe80000)
  from space 512K, 12% used [0x0000000771200000,0x0000000771210000,0x0000000771280000)
  to   space 1024K, 0% used [0x0000000771080000,0x0000000771080000,0x0000000771180000)
 ParOldGen       total 169472K, used 540K [0x00000006c8600000, 0x00000006d2b80000, 0x000000076d780000)
  object space 169472K, 0% used [0x00000006c8600000,0x00000006c8687060,0x00000006d2b80000)
 Metaspace       used 4099K, capacity 4832K, committed 5120K, reserved 1056768K
  class space    used 432K, capacity 464K, committed 512K, reserved 1048576K
Event: 21,859 GC heap after
Heap after GC invocations=35 (full 0):
 PSYoungGen      total 40448K, used 96K [0x000000076d780000, 0x0000000771280000, 0x00000007c0000000)
  eden space 39424K, 0% used [0x000000076d780000,0x000000076d780000,0x000000076fe00000)
  from space 1024K, 9% used [0x0000000771080000,0x0000000771098000,0x0000000771180000)
  to   space 1024K, 0% used [0x0000000771180000,0x0000000771180000,0x0000000771280000)
 ParOldGen       total 169472K, used 540K [0x00000006c8600000, 0x00000006d2b80000, 0x000000076d780000)
  object space 169472K, 0% used [0x00000006c8600000,0x00000006c8687060,0x00000006d2b80000)
 Metaspace       used 4099K, capacity 4832K, committed 5120K, reserved 1056768K
  class space    used 432K, capacity 464K, committed 512K, reserved 1048576K
}
Event: 22,289 GC heap before
{Heap before GC invocations=36 (full 0):
 PSYoungGen      total 40448K, used 39520K [0x000000076d780000, 0x0000000771280000, 0x00000007c0000000)
  eden space 39424K, 100% used [0x000000076d780000,0x000000076fe00000,0x000000076fe00000)
  from space 1024K, 9% used [0x0000000771080000,0x0000000771098000,0x0000000771180000)
  to   space 1024K, 0% used [0x0000000771180000,0x0000000771180000,0x0000000771280000)
 ParOldGen       total 169472K, used 540K [0x00000006c8600000, 0x00000006d2b80000, 0x000000076d780000)
  object space 169472K, 0% used [0x00000006c8600000,0x00000006c8687060,0x00000006d2b80000)
 Metaspace       used 4099K, capacity 4832K, committed 5120K, reserved 1056768K
  class space    used 432K, capacity 464K, committed 512K, reserved 1048576K
Event: 22,291 GC heap after
Heap after GC invocations=36 (full 0):
 PSYoungGen      total 39424K, used 96K [0x000000076d780000, 0x0000000771200000, 0x00000007c0000000)
  eden space 38912K, 0% used [0x000000076d780000,0x000000076d780000,0x000000076fd80000)
  from space 512K, 18% used [0x0000000771180000,0x0000000771198000,0x0000000771200000)
  to   space 1024K, 0% used [0x0000000771000000,0x0000000771000000,0x0000000771100000)
 ParOldGen       total 169472K, used 540K [0x00000006c8600000, 0x00000006d2b80000, 0x000000076d780000)
  object space 169472K, 0% used [0x00000006c8600000,0x00000006c8687060,0x00000006d2b80000)
 Metaspace       used 4099K, capacity 4832K, committed 5120K, reserved 1056768K
  class space    used 432K, capacity 464K, committed 512K, reserved 1048576K
}
Event: 22,723 GC heap before
{Heap before GC invocations=37 (full 0):
 PSYoungGen      total 39424K, used 39008K [0x000000076d780000, 0x0000000771200000, 0x00000007c0000000)
  eden space 38912K, 100% used [0x000000076d780000,0x000000076fd80000,0x000000076fd80000)
  from space 512K, 18% used [0x0000000771180000,0x0000000771198000,0x0000000771200000)
  to   space 1024K, 0% used [0x0000000771000000,0x0000000771000000,0x0000000771100000)
 ParOldGen       total 169472K, used 540K [0x00000006c8600000, 0x00000006d2b80000, 0x000000076d780000)
  object space 169472K, 0% used [0x00000006c8600000,0x00000006c8687060,0x00000006d2b80000)
 Metaspace       used 4099K, capacity 4832K, committed 5120K, reserved 1056768K
  class space    used 432K, capacity 464K, committed 512K, reserved 1048576K
Event: 22,724 GC heap after
Heap after GC invocations=37 (full 0):
 PSYoungGen      total 39424K, used 96K [0x000000076d780000, 0x0000000771200000, 0x00000007c0000000)
  eden space 38400K, 0% used [0x000000076d780000,0x000000076d780000,0x000000076fd00000)
  from space 1024K, 9% used [0x0000000771000000,0x0000000771018000,0x0000000771100000)
  to   space 1024K, 0% used [0x0000000771100000,0x0000000771100000,0x0000000771200000)
 ParOldGen       total 169472K, used 540K [0x00000006c8600000, 0x00000006d2b80000, 0x000000076d780000)
  object space 169472K, 0% used [0x00000006c8600000,0x00000006c8687060,0x00000006d2b80000)
 Metaspace       used 4099K, capacity 4832K, committed 5120K, reserved 1056768K
  class space    used 432K, capacity 464K, committed 512K, reserved 1048576K
}

